<?xml version="1.0" encoding="UTF-8"?>
<!-- Generated by org.testng.reporters.JUnitXMLReporter -->
<testsuite hostname="pc1" ignored="0" tests="7" failures="1" timestamp="21 Mar 2017 09:12:55 GMT" time="84.372" errors="0">
  <testcase name="login" time="7.084" classname="FlipkartAutomate"/>
  <testcase name="categorySelecction" time="3.491" classname="FlipkartAutomate"/>
  <testcase name="priceSelector" time="16.227" classname="FlipkartAutomate">
    <failure type="org.openqa.selenium.NoSuchElementException" message="Cannot locate option with value: 5000
For documentation on this error, please visit: http://seleniumhq.org/exceptions/no_such_element.html
Build info: version: &amp;apos;3.1.0&amp;apos;, revision: &amp;apos;86a5d70&amp;apos;, time: &amp;apos;2017-02-16 07:57:44 -0800&amp;apos;
System info: host: &amp;apos;PC1&amp;apos;, ip: &amp;apos;192.168.1.9&amp;apos;, os.name: &amp;apos;Windows 10&amp;apos;, os.arch: &amp;apos;x86&amp;apos;, os.version: &amp;apos;10.0&amp;apos;, java.version: &amp;apos;1.8.0_121&amp;apos;
Driver info: driver.version: unknown">
      <![CDATA[org.openqa.selenium.NoSuchElementException: Cannot locate option with value: 5000
For documentation on this error, please visit: http://seleniumhq.org/exceptions/no_such_element.html
Build info: version: '3.1.0', revision: '86a5d70', time: '2017-02-16 07:57:44 -0800'
System info: host: 'PC1', ip: '192.168.1.9', os.name: 'Windows 10', os.arch: 'x86', os.version: '10.0', java.version: '1.8.0_121'
Driver info: driver.version: unknown
	at org.openqa.selenium.support.ui.Select.selectByValue(Select.java:209)
	at FlipkartAutomate.priceSelector(FlipkartAutomate.java:69)
... Removed 25 stack frames]]>
    </failure>
  </testcase> <!-- priceSelector -->
  <testcase name="scroll" time="0.015" classname="FlipkartAutomate"/>
  <testcase name="selectproduct" time="0.519" classname="FlipkartAutomate"/>
  <testcase name="changePin" time="6.934" classname="FlipkartAutomate"/>
  <testcase name="buynow" time="10.444" classname="FlipkartAutomate"/>
</testsuite>
