<?xml version="1.0" encoding="UTF-8"?>
<testng-results skipped="0" failed="1" ignored="0" total="7" passed="6">
  <reporter-output>
  </reporter-output>
  <suite name="Automation" duration-ms="84372" started-at="2017-03-21T09:11:30Z" finished-at="2017-03-21T09:12:54Z">
    <groups>
    </groups>
    <test name="FirefoxTest" duration-ms="84372" started-at="2017-03-21T09:11:30Z" finished-at="2017-03-21T09:12:54Z">
      <class name="FlipkartAutomate">
        <test-method status="PASS" signature="launchBrowser()[pri:0, instance:FlipkartAutomate@e9a829]" name="launchBrowser" is-config="true" duration-ms="39343" started-at="2017-03-21T14:41:30Z" finished-at="2017-03-21T14:42:09Z">
          <reporter-output>
          </reporter-output>
        </test-method> <!-- launchBrowser -->
        <test-method status="PASS" signature="login()[pri:1, instance:FlipkartAutomate@e9a829]" name="login" duration-ms="7084" started-at="2017-03-21T14:42:09Z" finished-at="2017-03-21T14:42:17Z">
          <reporter-output>
          </reporter-output>
        </test-method> <!-- login -->
        <test-method status="PASS" signature="categorySelecction()[pri:2, instance:FlipkartAutomate@e9a829]" name="categorySelecction" duration-ms="3491" started-at="2017-03-21T14:42:17Z" finished-at="2017-03-21T14:42:20Z">
          <reporter-output>
          </reporter-output>
        </test-method> <!-- categorySelecction -->
        <test-method status="FAIL" signature="priceSelector()[pri:3, instance:FlipkartAutomate@e9a829]" name="priceSelector" duration-ms="16227" started-at="2017-03-21T14:42:20Z" finished-at="2017-03-21T14:42:36Z">
          <exception class="org.openqa.selenium.NoSuchElementException">
            <message>
              <![CDATA[Cannot locate option with value: 5000
For documentation on this error, please visit: http://seleniumhq.org/exceptions/no_such_element.html
Build info: version: '3.1.0', revision: '86a5d70', time: '2017-02-16 07:57:44 -0800'
System info: host: 'PC1', ip: '192.168.1.9', os.name: 'Windows 10', os.arch: 'x86', os.version: '10.0', java.version: '1.8.0_121'
Driver info: driver.version: unknown]]>
            </message>
            <full-stacktrace>
              <![CDATA[org.openqa.selenium.NoSuchElementException: Cannot locate option with value: 5000
For documentation on this error, please visit: http://seleniumhq.org/exceptions/no_such_element.html
Build info: version: '3.1.0', revision: '86a5d70', time: '2017-02-16 07:57:44 -0800'
System info: host: 'PC1', ip: '192.168.1.9', os.name: 'Windows 10', os.arch: 'x86', os.version: '10.0', java.version: '1.8.0_121'
Driver info: driver.version: unknown
	at org.openqa.selenium.support.ui.Select.selectByValue(Select.java:209)
	at FlipkartAutomate.priceSelector(FlipkartAutomate.java:69)
	at sun.reflect.NativeMethodAccessorImpl.invoke0(Native Method)
	at sun.reflect.NativeMethodAccessorImpl.invoke(Unknown Source)
	at sun.reflect.DelegatingMethodAccessorImpl.invoke(Unknown Source)
	at java.lang.reflect.Method.invoke(Unknown Source)
	at org.testng.internal.MethodInvocationHelper.invokeMethod(MethodInvocationHelper.java:108)
	at org.testng.internal.Invoker.invokeMethod(Invoker.java:661)
	at org.testng.internal.Invoker.invokeTestMethod(Invoker.java:869)
	at org.testng.internal.Invoker.invokeTestMethods(Invoker.java:1193)
	at org.testng.internal.TestMethodWorker.invokeTestMethods(TestMethodWorker.java:126)
	at org.testng.internal.TestMethodWorker.run(TestMethodWorker.java:109)
	at org.testng.TestRunner.privateRun(TestRunner.java:744)
	at org.testng.TestRunner.run(TestRunner.java:602)
	at org.testng.SuiteRunner.runTest(SuiteRunner.java:380)
	at org.testng.SuiteRunner.runSequentially(SuiteRunner.java:375)
	at org.testng.SuiteRunner.privateRun(SuiteRunner.java:340)
	at org.testng.SuiteRunner.run(SuiteRunner.java:289)
	at org.testng.SuiteRunnerWorker.runSuite(SuiteRunnerWorker.java:52)
	at org.testng.SuiteRunnerWorker.run(SuiteRunnerWorker.java:86)
	at org.testng.TestNG.runSuitesSequentially(TestNG.java:1301)
	at org.testng.TestNG.runSuitesLocally(TestNG.java:1226)
	at org.testng.TestNG.runSuites(TestNG.java:1144)
	at org.testng.TestNG.run(TestNG.java:1115)
	at org.testng.remote.AbstractRemoteTestNG.run(AbstractRemoteTestNG.java:132)
	at org.testng.remote.RemoteTestNG.initAndRun(RemoteTestNG.java:230)
	at org.testng.remote.RemoteTestNG.main(RemoteTestNG.java:76)
]]>
            </full-stacktrace>
          </exception> <!-- org.openqa.selenium.NoSuchElementException -->
          <reporter-output>
          </reporter-output>
        </test-method> <!-- priceSelector -->
        <test-method status="PASS" signature="scroll()[pri:4, instance:FlipkartAutomate@e9a829]" name="scroll" duration-ms="15" started-at="2017-03-21T14:42:36Z" finished-at="2017-03-21T14:42:36Z">
          <reporter-output>
          </reporter-output>
        </test-method> <!-- scroll -->
        <test-method status="PASS" signature="selectproduct()[pri:5, instance:FlipkartAutomate@e9a829]" name="selectproduct" duration-ms="519" started-at="2017-03-21T14:42:36Z" finished-at="2017-03-21T14:42:37Z">
          <reporter-output>
          </reporter-output>
        </test-method> <!-- selectproduct -->
        <test-method status="PASS" signature="changePin()[pri:6, instance:FlipkartAutomate@e9a829]" name="changePin" duration-ms="6934" started-at="2017-03-21T14:42:37Z" finished-at="2017-03-21T14:42:44Z">
          <reporter-output>
          </reporter-output>
        </test-method> <!-- changePin -->
        <test-method status="PASS" signature="buynow()[pri:7, instance:FlipkartAutomate@e9a829]" name="buynow" duration-ms="10444" started-at="2017-03-21T14:42:44Z" finished-at="2017-03-21T14:42:54Z">
          <reporter-output>
          </reporter-output>
        </test-method> <!-- buynow -->
      </class> <!-- FlipkartAutomate -->
    </test> <!-- FirefoxTest -->
  </suite> <!-- Automation -->
</testng-results>
